 0 0 i
 1 0 i
 2 0 i
 3 0 i
 4 0 i
 5 0 i
 6 0 i
 7 0 i
 8 0 i
 9 0 i
 10 0 i
 11 0 i
 12 0 i
 13 0 i
 14 0 i
 15 0 i
 16 0 i
 17 0 i
 18 0 i
 19 0 i
 20 0 i
 21 0 i
 22 0 i
 23 0 i
 24 0 i
 25 0 i
 26 0 i
 27 0 i
 28 0 i
 29 0 i
 30 0 i
 31 0 i
 32 0 i
 33 0 i
 34 0 i
 35 0 i
 36 0 i
 37 0 i
 38 0 i
 39 0 i
 40 0 i
 41 0 i
 42 0 i
 43 0 i
 44 0 i
 45 0 i
 46 0 i
 47 0 i
 48 0 i
 49 0 i
 50 0 i
 51 0 i
 52 0 i
 53 0 i
 54 0 i
 55 0 i
 56 0 i
 57 0 i
 58 0 i
 59 0 i
 60 0 i
 61 0 i
 62 0 i
 63 0 i
 64 0 i
 65 0 i
 66 0 i
 67 0 i
 68 0 i
 69 0 i
 70 0 i
 71 0 i
 72 0 i
 73 0 i
 74 0 i
 75 0 i
 76 0 i
 77 0 i
 78 0 i
 79 0 i
 80 0 i
 81 0 i
 82 0 i
 83 0 i
 84 0 i
 85 0 i
 86 0 i
 87 0 i
 88 0 i
 89 0 i
 90 0 i
 91 0 i
 92 0 i
 93 0 i
 94 0 i
 95 0 i
 96 0 i
 97 0 i
 98 0 i
 99 0 i
 100 0 i
 101 0 i
 102 0 i
 103 0 i
 104 0 i
 105 0 i
 106 0 i
 107 0 i
 108 0 i
 109 0 i
 110 0 i
 111 0 i
 112 0 i
 113 0 i
 114 0 i
 115 0 i
 116 0 i
 117 0 i
 118 0 i
 119 0 i
 120 0 i
 121 0 i
 122 0 i
 123 0 i
 124 0 i
 125 0 i
 126 0 i
 127 0 i
 128 0 i
 129 0 i
 130 0 i
 131 0 i
 132 0 i
 133 0 i
 134 0 i
 135 0 i
 136 0 i
 137 0 i
 138 0 i
 139 0 i
 140 0 i
 141 0 i
 142 0 i
 143 0 i
 144 0 i
 145 0 i
 146 0 i
 147 0 i
 148 0 i
 149 0 i
 150 0 i
 151 0 i
 152 0 i
 153 0 i
 154 0 i
 155 0 i
 156 0 i
 157 0 i
 158 0 i
 159 0 i
 160 0 i
 161 0 i
 162 0 i
 163 0 i
 164 0 i
 165 0 i
 166 0 i
 167 0 i
 168 0 i
 169 0 i
 170 0 i
 171 0 i
 172 0 i
 173 0 i
 174 0 i
 175 0 i
 176 0 i
 177 0 i
 178 0 i
 179 0 i
 180 0 i
 181 0 i
 182 0 i
 183 0 i
 184 0 i
 185 0 i
 186 0 i
 187 0 i
 188 0 i
 189 0 i
 190 0 i
 191 0 i
 192 0 i
 193 0 i
 194 0 i
 195 0 i
 196 0 i
 197 0 i
 198 0 i
 199 0 i
 200 0 i
 201 0 i
 202 0 i
 203 0 i
 204 0 i
 205 255 i
 206 255 i
 207 255 i
 208 255 i
 209 255 i
 210 255 i
 211 255 i
 212 255 i
 213 255 i
 214 255 i
 215 255 i
 216 255 i
 217 255 i
 218 255 i
 219 255 i
 220 255 i
 221 255 i
 222 255 i
 223 255 i
 224 255 i
 225 255 i
 226 255 i
 227 255 i
 228 255 i
 229 255 i
 230 255 i
 231 255 i
 232 255 i
 233 255 i
 234 255 i
 235 255 i
 236 255 i
 237 255 i
 238 255 i
 239 255 i
 240 255 i
 241 255 i
 242 255 i
 243 255 i
 244 255 i
 245 255 i
 246 255 i
 247 255 i
 248 255 i
 249 255 i
 250 255 i
 251 255 i
 252 255 i
 253 255 i
 254 255 i
 255 255 i
 256 255 i
 257 255 i
 258 255 i
 259 255 i
 260 255 i
 261 255 i
 262 255 i
 263 255 i
 264 255 i
 265 255 i
 266 255 i
 267 255 i
 268 255 i
 269 255 i
 270 255 i
 271 255 i
 272 255 i
 273 255 i
 274 255 i
 275 255 i
 276 255 i
 277 255 i
 278 255 i
 279 255 i
 280 255 i
 281 255 i
 282 255 i
 283 255 i
 284 255 i
 285 255 i
 286 255 i
 287 255 i
 288 255 i
 289 255 i
 290 255 i
 291 255 i
 292 255 i
 293 255 i
 294 255 i
 295 255 i
 296 255 i
 297 255 i
 298 255 i
 299 255 i
 300 255 i
 301 255 i
 302 255 i
 303 255 i
 304 255 i
 305 255 i
 306 255 i
 307 255 i
 308 255 i
 309 255 i
 310 255 i
 311 255 i
 312 255 i
 313 255 i
 314 255 i
 315 255 i
 316 255 i
 317 255 i
 318 255 i
 319 255 i
 320 255 i
 321 255 i
 322 255 i
 323 255 i
 324 255 i
 325 255 i
 326 255 i
 327 255 i
 328 255 i
 329 255 i
 330 255 i
 331 255 i
 332 255 i
 333 255 i
 334 255 i
 335 255 i
 336 255 i
 337 255 i
 338 255 i
 339 255 i
 340 255 i
 341 255 i
 342 255 i
 343 255 i
 344 255 i
 345 255 i
 346 255 i
 347 255 i
 348 255 i
 349 255 i
 350 255 i
 351 255 i
 352 255 i
 353 255 i
 354 255 i
 355 255 i
 356 255 i
 357 255 i
 358 255 i
 359 255 i
 360 255 i
 361 255 i
 362 255 i
 363 255 i
 364 255 i
 365 255 i
 366 255 i
 367 255 i
 368 255 i
 369 255 i
 370 255 i
 371 255 i
 372 255 i
 373 255 i
 374 255 i
 375 255 i
 376 255 i
 377 255 i
 378 255 i
 379 255 i
 380 255 i
 381 255 i
 382 255 i
 383 255 i
 384 255 i
 385 255 i
 386 255 i
 387 255 i
 388 255 i
 389 255 i
 390 255 i
 391 255 i
 392 255 i
 393 255 i
 394 255 i
 395 255 i
 396 255 i
 397 255 i
 398 255 i
 399 255 i
 400 255 i
 401 255 i
 402 255 i
 403 255 i
 404 255 i
 405 255 i
 406 255 i
 407 255 i
 408 255 i
 409 255 i
 410 255 i
 411 255 i
 412 255 i
 413 255 i
 414 255 i
 415 255 i
 416 255 i
 417 255 i
 418 255 i
 419 255 i
 420 255 i
 421 255 i
 422 255 i
 423 255 i
 424 255 i
 425 255 i
 426 255 i
 427 255 i
 428 255 i
 429 255 i
 430 255 i
 431 255 i
 432 255 i
 433 255 i
 434 255 i
 435 255 i
 436 255 i
 437 255 i
 438 255 i
 439 255 i
 440 255 i
 441 255 i
 442 255 i
 443 255 i
 444 255 i
 445 255 i
 446 255 i
 447 255 i
 448 255 i
 449 255 i
 450 255 i
 451 255 i
 452 255 i
 453 255 i
 454 255 i
 455 255 i
 456 255 i
 457 255 i
 458 255 i
 459 255 i
 460 255 i
 461 255 i
 462 255 i
 463 255 i
 464 255 i
 465 255 i
 466 255 i
 467 255 i
 468 255 i
 469 255 i
 470 255 i
 471 255 i
 472 255 i
 473 255 i
 474 255 i
 475 255 i
 476 255 i
 477 255 i
 478 255 i
 479 255 i
 480 255 i
 481 255 i
 482 255 i
 483 255 i
 484 255 i
 485 255 i
 486 255 i
 487 255 i
 488 255 i
 489 255 i
 490 255 i
 491 255 i
 492 255 i
 493 255 i
 494 255 i
 495 255 i
 496 255 i
 497 255 i
 498 255 i
 499 255 i
 500 255 i
 501 255 i
 502 255 i
 503 255 i
 504 255 i
 505 255 i
 506 255 i
 507 255 i
 508 255 i
 509 255 i
 510 255 i
 511 255 i
 512 255 i
 513 255 i
 514 255 i
 515 255 i
 516 255 i
 517 255 i
 518 255 i
 519 255 i
 520 255 i
 521 255 i
 522 255 i
 523 255 i
 524 255 i
 525 255 i
 526 255 i
 527 255 i
 528 255 i
 529 255 i
 530 255 i
 531 255 i
 532 255 i
 533 255 i
 534 255 i
 535 255 i
 536 255 i
 537 255 i
 538 255 i
 539 255 i
 540 255 i
 541 255 i
 542 255 i
 543 255 i
 544 255 i
 545 255 i
 546 255 i
 547 255 i
 548 255 i
 549 255 i
 550 255 i
 551 255 i
 552 255 i
 553 255 i
 554 255 i
 555 255 i
 556 255 i
 557 255 i
 558 255 i
 559 255 i
 560 255 i
 561 255 i
 562 255 i
 563 255 i
 564 255 i
 565 255 i
 566 255 i
 567 255 i
 568 255 i
 569 255 i
 570 255 i
 571 255 i
 572 255 i
 573 255 i
 574 255 i
 575 255 i
 576 255 i
 577 255 i
 578 255 i
 579 255 i
 580 255 i
 581 255 i
 582 255 i
 583 255 i
 584 255 i
 585 255 i
 586 255 i
 587 255 i
 588 255 i
 589 255 i
 590 255 i
 591 255 i
 592 255 i
 593 255 i
 594 255 i
 595 255 i
 596 255 i
 597 255 i
 598 255 i
 599 255 i
 600 255 i
 601 255 i
 602 255 i
 603 255 i
 604 255 i
 605 255 i
 606 255 i
 607 255 i
 608 255 i
 609 255 i
 610 255 i
 611 255 i
 612 255 i
 613 255 i
 614 255 i
 615 255 i
 616 255 i
 617 255 i
 618 255 i
 619 255 i
 620 255 i
 621 255 i
 622 255 i
 623 255 i
 624 255 i
 625 255 i
 626 255 i
 627 255 i
 628 255 i
 629 255 i
 630 255 i
 631 255 i
 632 255 i
 633 255 i
 634 255 i
 635 255 i
 636 255 i
 637 255 i
 638 255 i
 639 255 i
 640 255 i
 641 255 i
 642 255 i
 643 255 i
 644 255 i
 645 255 i
 646 255 i
 647 255 i
 648 255 i
 649 255 i
 650 255 i
 651 255 i
 652 255 i
 653 255 i
 654 255 i
 655 255 i
 656 255 i
 657 255 i
 658 255 i
 659 255 i
 660 255 i
 661 255 i
 662 255 i
 663 255 i
 664 255 i
 665 255 i
 666 255 i
 667 255 i
 668 255 i
 669 255 i
 670 255 i
 671 255 i
 672 255 i
 673 255 i
 674 255 i
 675 255 i
 676 255 i
 677 255 i
 678 255 i
 679 255 i
 680 255 i
 681 255 i
 682 255 i
 683 255 i
 684 255 i
 685 255 i
 686 255 i
 687 255 i
 688 255 i
 689 255 i
 690 255 i
 691 255 i
 692 255 i
 693 255 i
 694 255 i
 695 255 i
 696 255 i
 697 255 i
 698 255 i
 699 255 i
 700 255 i
 701 255 i
 702 255 i
 703 255 i
 704 255 i
 705 255 i
 706 255 i
 707 255 i
 708 255 i
 709 255 i
 710 255 i
 711 255 i
 712 255 i
 713 255 i
 714 255 i
 715 255 i
 716 255 i
 717 255 i
 718 255 i
 719 255 i
 720 255 i
 721 255 i
 722 255 i
 723 255 i
 724 255 i
 725 255 i
 726 255 i
 727 255 i
 728 255 i
 729 255 i
 730 255 i
 731 255 i
 732 255 i
 733 255 i
 734 255 i
 735 255 i
 736 255 i
 737 255 i
 738 255 i
 739 255 i
 740 255 i
 741 255 i
 742 255 i
 743 255 i
 744 255 i
 745 255 i
 746 255 i
 747 255 i
 748 255 i
 749 255 i
 750 255 i
 751 255 i
 752 255 i
 753 255 i
 754 255 i
 755 255 i
 756 255 i
 757 255 i
 758 255 i
 759 255 i
 760 255 i
 761 255 i
 762 255 i
 763 255 i
 764 255 i
 765 255 i
 766 255 i
 767 255 i
 768 255 i
 769 255 i
 770 255 i
 771 255 i
 772 255 i
 773 255 i
 774 255 i
 775 255 i
 776 255 i
 777 255 i
 778 255 i
 779 255 i
 780 255 i
 781 255 i
 782 255 i
 783 255 i
 784 255 i
 785 255 i
 786 255 i
 787 255 i
 788 255 i
 789 255 i
 790 255 i
 791 255 i
 792 255 i
 793 255 i
 794 255 i
 795 255 i
 796 255 i
 797 255 i
 798 255 i
 799 255 i
 800 255 i
 801 255 i
 802 255 i
 803 255 i
 804 255 i
 805 255 i
 806 255 i
 807 255 i
 808 255 i
 809 255 i
 810 255 i
 811 255 i
 812 255 i
 813 255 i
 814 255 i
 815 255 i
 816 255 i
 817 255 i
 818 255 i
 819 255 i
 820 255 i
 821 255 i
 822 255 i
 823 255 i
 824 255 i
 825 255 i
 826 255 i
 827 255 i
 828 255 i
 829 255 i
 830 255 i
 831 255 i
 832 255 i
 833 255 i
 834 255 i
 835 255 i
 836 255 i
 837 255 i
 838 255 i
 839 255 i
 840 255 i
 841 255 i
 842 255 i
 843 255 i
 844 255 i
 845 255 i
 846 255 i
 847 255 i
 848 255 i
 849 255 i
 850 255 i
 851 255 i
 852 255 i
 853 255 i
 854 255 i
 855 255 i
 856 255 i
 857 255 i
 858 255 i
 859 255 i
 860 255 i
 861 255 i
 862 255 i
 863 255 i
 864 255 i
 865 255 i
 866 255 i
 867 255 i
 868 255 i
 869 255 i
 870 255 i
 871 255 i
 872 255 i
 873 255 i
 874 255 i
 875 255 i
 876 255 i
 877 255 i
 878 255 i
 879 255 i
 880 255 i
 881 255 i
 882 255 i
 883 255 i
 884 255 i
 885 255 i
 886 255 i
 887 255 i
 888 255 i
 889 255 i
 890 255 i
 891 255 i
 892 255 i
 893 255 i
 894 255 i
 895 255 i
 896 255 i
 897 255 i
 898 255 i
 899 255 i
 900 255 i
 901 255 i
 902 255 i
 903 255 i
 904 255 i
 905 255 i
 906 255 i
 907 255 i
 908 255 i
 909 255 i
 910 255 i
 911 255 i
 912 255 i
 913 255 i
 914 255 i
 915 255 i
 916 255 i
 917 255 i
 918 255 i
 919 255 i
 920 255 i
 921 255 i
 922 255 i
 923 255 i
 924 255 i
 925 255 i
 926 255 i
 927 255 i
 928 255 i
 929 255 i
 930 255 i
 931 255 i
 932 255 i
 933 255 i
 934 255 i
 935 255 i
 936 255 i
 937 255 i
 938 255 i
 939 255 i
 940 255 i
 941 255 i
 942 255 i
 943 255 i
 944 255 i
 945 255 i
 946 255 i
 947 255 i
 948 255 i
 949 255 i
 950 255 i
 951 255 i
 952 255 i
 953 255 i
 954 255 i
 955 255 i
 956 255 i
 957 255 i
 958 255 i
 959 255 i
 960 255 i
 961 255 i
 962 255 i
 963 255 i
 964 255 i
 965 255 i
 966 255 i
 967 255 i
 968 255 i
 969 255 i
 970 255 i
 971 255 i
 972 255 i
 973 255 i
 974 255 i
 975 255 i
 976 255 i
 977 255 i
 978 255 i
 979 255 i
 980 255 i
 981 255 i
 982 255 i
 983 255 i
 984 255 i
 985 255 i
 986 255 i
 987 255 i
 988 255 i
 989 255 i
 990 255 i
 991 255 i
 992 255 i
 993 255 i
 994 255 i
 995 255 i
 996 255 i
 997 255 i
 998 255 i
 999 255 i
 1000 255 i
 1001 255 i
 1002 255 i
 1003 255 i
 1004 255 i
 1005 255 i
 1006 255 i
 1007 255 i
 1008 255 i
 1009 255 i
 1010 255 i
 1011 255 i
 1012 255 i
 1013 255 i
 1014 255 i
 1015 255 i
 1016 255 i
 1017 255 i
 1018 255 i
 1019 255 i
 1020 255 i
 1021 255 i
 1022 255 i
 1023 255 i
