 0 0 i
 1 0 i
 2 0 i
 3 0 i
 4 0 i
 5 1 i
 6 1 i
 7 1 i
 8 1 i
 9 2 i
 10 2 i
 11 2 i
 12 2 i
 13 3 i
 14 3 i
 15 3 i
 16 3 i
 17 4 i
 18 4 i
 19 4 i
 20 4 i
 21 5 i
 22 5 i
 23 5 i
 24 5 i
 25 6 i
 26 6 i
 27 6 i
 28 6 i
 29 7 i
 30 7 i
 31 7 i
 32 7 i
 33 8 i
 34 8 i
 35 8 i
 36 8 i
 37 9 i
 38 9 i
 39 9 i
 40 9 i
 41 10 i
 42 10 i
 43 10 i
 44 10 i
 45 11 i
 46 11 i
 47 11 i
 48 11 i
 49 12 i
 50 12 i
 51 12 i
 52 12 i
 53 13 i
 54 13 i
 55 13 i
 56 13 i
 57 14 i
 58 14 i
 59 14 i
 60 14 i
 61 15 i
 62 15 i
 63 15 i
 64 15 i
 65 16 i
 66 16 i
 67 16 i
 68 16 i
 69 17 i
 70 17 i
 71 17 i
 72 17 i
 73 18 i
 74 18 i
 75 18 i
 76 18 i
 77 19 i
 78 19 i
 79 19 i
 80 19 i
 81 20 i
 82 20 i
 83 20 i
 84 20 i
 85 21 i
 86 21 i
 87 21 i
 88 21 i
 89 22 i
 90 22 i
 91 22 i
 92 22 i
 93 23 i
 94 23 i
 95 23 i
 96 23 i
 97 24 i
 98 24 i
 99 24 i
 100 24 i
 101 25 i
 102 25 i
 103 25 i
 104 25 i
 105 26 i
 106 26 i
 107 26 i
 108 26 i
 109 27 i
 110 27 i
 111 27 i
 112 27 i
 113 28 i
 114 28 i
 115 28 i
 116 28 i
 117 29 i
 118 29 i
 119 29 i
 120 29 i
 121 30 i
 122 30 i
 123 30 i
 124 30 i
 125 31 i
 126 31 i
 127 31 i
 128 31 i
 129 32 i
 130 32 i
 131 32 i
 132 32 i
 133 33 i
 134 33 i
 135 33 i
 136 33 i
 137 34 i
 138 34 i
 139 34 i
 140 34 i
 141 35 i
 142 35 i
 143 35 i
 144 35 i
 145 36 i
 146 36 i
 147 36 i
 148 36 i
 149 37 i
 150 37 i
 151 37 i
 152 37 i
 153 38 i
 154 38 i
 155 38 i
 156 38 i
 157 39 i
 158 39 i
 159 39 i
 160 39 i
 161 40 i
 162 40 i
 163 40 i
 164 40 i
 165 41 i
 166 41 i
 167 41 i
 168 41 i
 169 42 i
 170 42 i
 171 42 i
 172 42 i
 173 43 i
 174 43 i
 175 43 i
 176 43 i
 177 44 i
 178 44 i
 179 44 i
 180 44 i
 181 45 i
 182 45 i
 183 45 i
 184 45 i
 185 46 i
 186 46 i
 187 46 i
 188 46 i
 189 47 i
 190 47 i
 191 47 i
 192 47 i
 193 48 i
 194 48 i
 195 48 i
 196 48 i
 197 49 i
 198 49 i
 199 49 i
 200 49 i
 201 50 i
 202 50 i
 203 50 i
 204 50 i
 205 51 i
 206 51 i
 207 51 i
 208 51 i
 209 52 i
 210 52 i
 211 52 i
 212 52 i
 213 53 i
 214 53 i
 215 53 i
 216 53 i
 217 54 i
 218 54 i
 219 54 i
 220 54 i
 221 55 i
 222 55 i
 223 55 i
 224 55 i
 225 56 i
 226 56 i
 227 56 i
 228 56 i
 229 57 i
 230 57 i
 231 57 i
 232 57 i
 233 58 i
 234 58 i
 235 58 i
 236 58 i
 237 59 i
 238 59 i
 239 59 i
 240 59 i
 241 60 i
 242 60 i
 243 60 i
 244 60 i
 245 61 i
 246 61 i
 247 61 i
 248 61 i
 249 62 i
 250 62 i
 251 62 i
 252 62 i
 253 63 i
 254 63 i
 255 63 i
 256 63 i
 257 63 i
 258 64 i
 259 64 i
 260 64 i
 261 64 i
 262 65 i
 263 65 i
 264 65 i
 265 65 i
 266 66 i
 267 66 i
 268 66 i
 269 66 i
 270 67 i
 271 67 i
 272 67 i
 273 67 i
 274 68 i
 275 68 i
 276 68 i
 277 68 i
 278 69 i
 279 69 i
 280 69 i
 281 69 i
 282 70 i
 283 70 i
 284 70 i
 285 70 i
 286 71 i
 287 71 i
 288 71 i
 289 71 i
 290 72 i
 291 72 i
 292 72 i
 293 72 i
 294 73 i
 295 73 i
 296 73 i
 297 73 i
 298 74 i
 299 74 i
 300 74 i
 301 74 i
 302 75 i
 303 75 i
 304 75 i
 305 75 i
 306 76 i
 307 76 i
 308 76 i
 309 76 i
 310 77 i
 311 77 i
 312 77 i
 313 77 i
 314 78 i
 315 78 i
 316 78 i
 317 78 i
 318 79 i
 319 79 i
 320 79 i
 321 79 i
 322 80 i
 323 80 i
 324 80 i
 325 80 i
 326 81 i
 327 81 i
 328 81 i
 329 81 i
 330 82 i
 331 82 i
 332 82 i
 333 82 i
 334 83 i
 335 83 i
 336 83 i
 337 83 i
 338 84 i
 339 84 i
 340 84 i
 341 84 i
 342 85 i
 343 85 i
 344 85 i
 345 85 i
 346 86 i
 347 86 i
 348 86 i
 349 86 i
 350 87 i
 351 87 i
 352 87 i
 353 87 i
 354 88 i
 355 88 i
 356 88 i
 357 88 i
 358 89 i
 359 89 i
 360 89 i
 361 89 i
 362 90 i
 363 90 i
 364 90 i
 365 90 i
 366 91 i
 367 91 i
 368 91 i
 369 91 i
 370 92 i
 371 92 i
 372 92 i
 373 92 i
 374 93 i
 375 93 i
 376 93 i
 377 93 i
 378 94 i
 379 94 i
 380 94 i
 381 94 i
 382 95 i
 383 95 i
 384 95 i
 385 95 i
 386 96 i
 387 96 i
 388 96 i
 389 96 i
 390 97 i
 391 97 i
 392 97 i
 393 97 i
 394 98 i
 395 98 i
 396 98 i
 397 98 i
 398 99 i
 399 99 i
 400 99 i
 401 99 i
 402 100 i
 403 100 i
 404 100 i
 405 100 i
 406 101 i
 407 101 i
 408 101 i
 409 101 i
 410 102 i
 411 102 i
 412 102 i
 413 102 i
 414 103 i
 415 103 i
 416 103 i
 417 103 i
 418 104 i
 419 104 i
 420 104 i
 421 104 i
 422 105 i
 423 105 i
 424 105 i
 425 105 i
 426 106 i
 427 106 i
 428 106 i
 429 106 i
 430 107 i
 431 107 i
 432 107 i
 433 107 i
 434 108 i
 435 108 i
 436 108 i
 437 108 i
 438 109 i
 439 109 i
 440 109 i
 441 109 i
 442 110 i
 443 110 i
 444 110 i
 445 110 i
 446 111 i
 447 111 i
 448 111 i
 449 111 i
 450 112 i
 451 112 i
 452 112 i
 453 112 i
 454 113 i
 455 113 i
 456 113 i
 457 113 i
 458 114 i
 459 114 i
 460 114 i
 461 114 i
 462 115 i
 463 115 i
 464 115 i
 465 115 i
 466 116 i
 467 116 i
 468 116 i
 469 116 i
 470 117 i
 471 117 i
 472 117 i
 473 117 i
 474 118 i
 475 118 i
 476 118 i
 477 118 i
 478 119 i
 479 119 i
 480 119 i
 481 119 i
 482 120 i
 483 120 i
 484 120 i
 485 120 i
 486 121 i
 487 121 i
 488 121 i
 489 121 i
 490 122 i
 491 122 i
 492 122 i
 493 122 i
 494 123 i
 495 123 i
 496 123 i
 497 123 i
 498 124 i
 499 124 i
 500 124 i
 501 124 i
 502 125 i
 503 125 i
 504 125 i
 505 125 i
 506 126 i
 507 126 i
 508 126 i
 509 126 i
 510 127 i
 511 127 i
 512 127 i
 513 127 i
 514 127 i
 515 128 i
 516 128 i
 517 128 i
 518 128 i
 519 129 i
 520 129 i
 521 129 i
 522 129 i
 523 130 i
 524 130 i
 525 130 i
 526 130 i
 527 131 i
 528 131 i
 529 131 i
 530 131 i
 531 132 i
 532 132 i
 533 132 i
 534 132 i
 535 133 i
 536 133 i
 537 133 i
 538 133 i
 539 134 i
 540 134 i
 541 134 i
 542 134 i
 543 135 i
 544 135 i
 545 135 i
 546 135 i
 547 136 i
 548 136 i
 549 136 i
 550 136 i
 551 137 i
 552 137 i
 553 137 i
 554 137 i
 555 138 i
 556 138 i
 557 138 i
 558 138 i
 559 139 i
 560 139 i
 561 139 i
 562 139 i
 563 140 i
 564 140 i
 565 140 i
 566 140 i
 567 141 i
 568 141 i
 569 141 i
 570 141 i
 571 142 i
 572 142 i
 573 142 i
 574 142 i
 575 143 i
 576 143 i
 577 143 i
 578 143 i
 579 144 i
 580 144 i
 581 144 i
 582 144 i
 583 145 i
 584 145 i
 585 145 i
 586 145 i
 587 146 i
 588 146 i
 589 146 i
 590 146 i
 591 147 i
 592 147 i
 593 147 i
 594 147 i
 595 148 i
 596 148 i
 597 148 i
 598 148 i
 599 149 i
 600 149 i
 601 149 i
 602 149 i
 603 150 i
 604 150 i
 605 150 i
 606 150 i
 607 151 i
 608 151 i
 609 151 i
 610 151 i
 611 152 i
 612 152 i
 613 152 i
 614 152 i
 615 153 i
 616 153 i
 617 153 i
 618 153 i
 619 154 i
 620 154 i
 621 154 i
 622 154 i
 623 155 i
 624 155 i
 625 155 i
 626 155 i
 627 156 i
 628 156 i
 629 156 i
 630 156 i
 631 157 i
 632 157 i
 633 157 i
 634 157 i
 635 158 i
 636 158 i
 637 158 i
 638 158 i
 639 159 i
 640 159 i
 641 159 i
 642 159 i
 643 160 i
 644 160 i
 645 160 i
 646 160 i
 647 161 i
 648 161 i
 649 161 i
 650 161 i
 651 162 i
 652 162 i
 653 162 i
 654 162 i
 655 163 i
 656 163 i
 657 163 i
 658 163 i
 659 164 i
 660 164 i
 661 164 i
 662 164 i
 663 165 i
 664 165 i
 665 165 i
 666 165 i
 667 166 i
 668 166 i
 669 166 i
 670 166 i
 671 167 i
 672 167 i
 673 167 i
 674 167 i
 675 168 i
 676 168 i
 677 168 i
 678 168 i
 679 169 i
 680 169 i
 681 169 i
 682 169 i
 683 170 i
 684 170 i
 685 170 i
 686 170 i
 687 171 i
 688 171 i
 689 171 i
 690 171 i
 691 172 i
 692 172 i
 693 172 i
 694 172 i
 695 173 i
 696 173 i
 697 173 i
 698 173 i
 699 174 i
 700 174 i
 701 174 i
 702 174 i
 703 175 i
 704 175 i
 705 175 i
 706 175 i
 707 176 i
 708 176 i
 709 176 i
 710 176 i
 711 177 i
 712 177 i
 713 177 i
 714 177 i
 715 178 i
 716 178 i
 717 178 i
 718 178 i
 719 179 i
 720 179 i
 721 179 i
 722 179 i
 723 180 i
 724 180 i
 725 180 i
 726 180 i
 727 181 i
 728 181 i
 729 181 i
 730 181 i
 731 182 i
 732 182 i
 733 182 i
 734 182 i
 735 183 i
 736 183 i
 737 183 i
 738 183 i
 739 184 i
 740 184 i
 741 184 i
 742 184 i
 743 185 i
 744 185 i
 745 185 i
 746 185 i
 747 186 i
 748 186 i
 749 186 i
 750 186 i
 751 187 i
 752 187 i
 753 187 i
 754 187 i
 755 188 i
 756 188 i
 757 188 i
 758 188 i
 759 189 i
 760 189 i
 761 189 i
 762 189 i
 763 190 i
 764 190 i
 765 190 i
 766 190 i
 767 191 i
 768 191 i
 769 191 i
 770 191 i
 771 191 i
 772 192 i
 773 192 i
 774 192 i
 775 192 i
 776 193 i
 777 193 i
 778 193 i
 779 193 i
 780 194 i
 781 194 i
 782 194 i
 783 194 i
 784 195 i
 785 195 i
 786 195 i
 787 195 i
 788 196 i
 789 196 i
 790 196 i
 791 196 i
 792 197 i
 793 197 i
 794 197 i
 795 197 i
 796 198 i
 797 198 i
 798 198 i
 799 198 i
 800 199 i
 801 199 i
 802 199 i
 803 199 i
 804 200 i
 805 200 i
 806 200 i
 807 200 i
 808 201 i
 809 201 i
 810 201 i
 811 201 i
 812 202 i
 813 202 i
 814 202 i
 815 202 i
 816 203 i
 817 203 i
 818 203 i
 819 203 i
 820 204 i
 821 204 i
 822 204 i
 823 204 i
 824 205 i
 825 205 i
 826 205 i
 827 205 i
 828 206 i
 829 206 i
 830 206 i
 831 206 i
 832 207 i
 833 207 i
 834 207 i
 835 207 i
 836 208 i
 837 208 i
 838 208 i
 839 208 i
 840 209 i
 841 209 i
 842 209 i
 843 209 i
 844 210 i
 845 210 i
 846 210 i
 847 210 i
 848 211 i
 849 211 i
 850 211 i
 851 211 i
 852 212 i
 853 212 i
 854 212 i
 855 212 i
 856 213 i
 857 213 i
 858 213 i
 859 213 i
 860 214 i
 861 214 i
 862 214 i
 863 214 i
 864 215 i
 865 215 i
 866 215 i
 867 215 i
 868 216 i
 869 216 i
 870 216 i
 871 216 i
 872 217 i
 873 217 i
 874 217 i
 875 217 i
 876 218 i
 877 218 i
 878 218 i
 879 218 i
 880 219 i
 881 219 i
 882 219 i
 883 219 i
 884 220 i
 885 220 i
 886 220 i
 887 220 i
 888 221 i
 889 221 i
 890 221 i
 891 221 i
 892 222 i
 893 222 i
 894 222 i
 895 222 i
 896 223 i
 897 223 i
 898 223 i
 899 223 i
 900 224 i
 901 224 i
 902 224 i
 903 224 i
 904 225 i
 905 225 i
 906 225 i
 907 225 i
 908 226 i
 909 226 i
 910 226 i
 911 226 i
 912 227 i
 913 227 i
 914 227 i
 915 227 i
 916 228 i
 917 228 i
 918 228 i
 919 228 i
 920 229 i
 921 229 i
 922 229 i
 923 229 i
 924 230 i
 925 230 i
 926 230 i
 927 230 i
 928 231 i
 929 231 i
 930 231 i
 931 231 i
 932 232 i
 933 232 i
 934 232 i
 935 232 i
 936 233 i
 937 233 i
 938 233 i
 939 233 i
 940 234 i
 941 234 i
 942 234 i
 943 234 i
 944 235 i
 945 235 i
 946 235 i
 947 235 i
 948 236 i
 949 236 i
 950 236 i
 951 236 i
 952 237 i
 953 237 i
 954 237 i
 955 237 i
 956 238 i
 957 238 i
 958 238 i
 959 238 i
 960 239 i
 961 239 i
 962 239 i
 963 239 i
 964 240 i
 965 240 i
 966 240 i
 967 240 i
 968 241 i
 969 241 i
 970 241 i
 971 241 i
 972 242 i
 973 242 i
 974 242 i
 975 242 i
 976 243 i
 977 243 i
 978 243 i
 979 243 i
 980 244 i
 981 244 i
 982 244 i
 983 244 i
 984 245 i
 985 245 i
 986 245 i
 987 245 i
 988 246 i
 989 246 i
 990 246 i
 991 246 i
 992 247 i
 993 247 i
 994 247 i
 995 247 i
 996 248 i
 997 248 i
 998 248 i
 999 248 i
 1000 249 i
 1001 249 i
 1002 249 i
 1003 249 i
 1004 250 i
 1005 250 i
 1006 250 i
 1007 250 i
 1008 251 i
 1009 251 i
 1010 251 i
 1011 251 i
 1012 252 i
 1013 252 i
 1014 252 i
 1015 252 i
 1016 253 i
 1017 253 i
 1018 253 i
 1019 253 i
 1020 254 i
 1021 254 i
 1022 254 i
 1023 254 i
