 0 127 i
 1 128 i
 2 129 i
 3 129 i
 4 130 i
 5 131 i
 6 132 i
 7 132 i
 8 133 i
 9 134 i
 10 135 i
 11 136 i
 12 136 i
 13 137 i
 14 138 i
 15 139 i
 16 139 i
 17 140 i
 18 141 i
 19 142 i
 20 143 i
 21 143 i
 22 144 i
 23 145 i
 24 146 i
 25 146 i
 26 147 i
 27 148 i
 28 149 i
 29 149 i
 30 150 i
 31 151 i
 32 152 i
 33 153 i
 34 153 i
 35 154 i
 36 155 i
 37 156 i
 38 156 i
 39 157 i
 40 158 i
 41 159 i
 42 159 i
 43 160 i
 44 161 i
 45 162 i
 46 162 i
 47 163 i
 48 164 i
 49 165 i
 50 165 i
 51 166 i
 52 167 i
 53 168 i
 54 168 i
 55 169 i
 56 170 i
 57 171 i
 58 171 i
 59 172 i
 60 173 i
 61 173 i
 62 174 i
 63 175 i
 64 176 i
 65 176 i
 66 177 i
 67 178 i
 68 178 i
 69 179 i
 70 180 i
 71 181 i
 72 181 i
 73 182 i
 74 183 i
 75 183 i
 76 184 i
 77 185 i
 78 185 i
 79 186 i
 80 187 i
 81 188 i
 82 188 i
 83 189 i
 84 190 i
 85 190 i
 86 191 i
 87 192 i
 88 192 i
 89 193 i
 90 194 i
 91 194 i
 92 195 i
 93 196 i
 94 196 i
 95 197 i
 96 198 i
 97 198 i
 98 199 i
 99 199 i
 100 200 i
 101 201 i
 102 201 i
 103 202 i
 104 203 i
 105 203 i
 106 204 i
 107 205 i
 108 205 i
 109 206 i
 110 206 i
 111 207 i
 112 208 i
 113 208 i
 114 209 i
 115 209 i
 116 210 i
 117 211 i
 118 211 i
 119 212 i
 120 212 i
 121 213 i
 122 213 i
 123 214 i
 124 215 i
 125 215 i
 126 216 i
 127 216 i
 128 217 i
 129 217 i
 130 218 i
 131 218 i
 132 219 i
 133 220 i
 134 220 i
 135 221 i
 136 221 i
 137 222 i
 138 222 i
 139 223 i
 140 223 i
 141 224 i
 142 224 i
 143 225 i
 144 225 i
 145 226 i
 146 226 i
 147 227 i
 148 227 i
 149 228 i
 150 228 i
 151 229 i
 152 229 i
 153 229 i
 154 230 i
 155 230 i
 156 231 i
 157 231 i
 158 232 i
 159 232 i
 160 233 i
 161 233 i
 162 233 i
 163 234 i
 164 234 i
 165 235 i
 166 235 i
 167 236 i
 168 236 i
 169 236 i
 170 237 i
 171 237 i
 172 238 i
 173 238 i
 174 238 i
 175 239 i
 176 239 i
 177 239 i
 178 240 i
 179 240 i
 180 240 i
 181 241 i
 182 241 i
 183 241 i
 184 242 i
 185 242 i
 186 242 i
 187 243 i
 188 243 i
 189 243 i
 190 244 i
 191 244 i
 192 244 i
 193 245 i
 194 245 i
 195 245 i
 196 245 i
 197 246 i
 198 246 i
 199 246 i
 200 247 i
 201 247 i
 202 247 i
 203 247 i
 204 248 i
 205 248 i
 206 248 i
 207 248 i
 208 249 i
 209 249 i
 210 249 i
 211 249 i
 212 249 i
 213 250 i
 214 250 i
 215 250 i
 216 250 i
 217 250 i
 218 251 i
 219 251 i
 220 251 i
 221 251 i
 222 251 i
 223 251 i
 224 252 i
 225 252 i
 226 252 i
 227 252 i
 228 252 i
 229 252 i
 230 252 i
 231 253 i
 232 253 i
 233 253 i
 234 253 i
 235 253 i
 236 253 i
 237 253 i
 238 253 i
 239 253 i
 240 253 i
 241 253 i
 242 254 i
 243 254 i
 244 254 i
 245 254 i
 246 254 i
 247 254 i
 248 254 i
 249 254 i
 250 254 i
 251 254 i
 252 254 i
 253 254 i
 254 254 i
 255 254 i
 256 254 i
 257 254 i
 258 254 i
 259 254 i
 260 254 i
 261 254 i
 262 254 i
 263 254 i
 264 254 i
 265 254 i
 266 254 i
 267 254 i
 268 254 i
 269 254 i
 270 254 i
 271 253 i
 272 253 i
 273 253 i
 274 253 i
 275 253 i
 276 253 i
 277 253 i
 278 253 i
 279 253 i
 280 253 i
 281 253 i
 282 252 i
 283 252 i
 284 252 i
 285 252 i
 286 252 i
 287 252 i
 288 252 i
 289 251 i
 290 251 i
 291 251 i
 292 251 i
 293 251 i
 294 251 i
 295 250 i
 296 250 i
 297 250 i
 298 250 i
 299 250 i
 300 249 i
 301 249 i
 302 249 i
 303 249 i
 304 249 i
 305 248 i
 306 248 i
 307 248 i
 308 248 i
 309 247 i
 310 247 i
 311 247 i
 312 247 i
 313 246 i
 314 246 i
 315 246 i
 316 245 i
 317 245 i
 318 245 i
 319 245 i
 320 244 i
 321 244 i
 322 244 i
 323 243 i
 324 243 i
 325 243 i
 326 242 i
 327 242 i
 328 242 i
 329 241 i
 330 241 i
 331 241 i
 332 240 i
 333 240 i
 334 240 i
 335 239 i
 336 239 i
 337 239 i
 338 238 i
 339 238 i
 340 238 i
 341 237 i
 342 237 i
 343 236 i
 344 236 i
 345 236 i
 346 235 i
 347 235 i
 348 234 i
 349 234 i
 350 233 i
 351 233 i
 352 233 i
 353 232 i
 354 232 i
 355 231 i
 356 231 i
 357 230 i
 358 230 i
 359 229 i
 360 229 i
 361 229 i
 362 228 i
 363 228 i
 364 227 i
 365 227 i
 366 226 i
 367 226 i
 368 225 i
 369 225 i
 370 224 i
 371 224 i
 372 223 i
 373 223 i
 374 222 i
 375 222 i
 376 221 i
 377 221 i
 378 220 i
 379 220 i
 380 219 i
 381 218 i
 382 218 i
 383 217 i
 384 217 i
 385 216 i
 386 216 i
 387 215 i
 388 215 i
 389 214 i
 390 213 i
 391 213 i
 392 212 i
 393 212 i
 394 211 i
 395 211 i
 396 210 i
 397 209 i
 398 209 i
 399 208 i
 400 208 i
 401 207 i
 402 206 i
 403 206 i
 404 205 i
 405 205 i
 406 204 i
 407 203 i
 408 203 i
 409 202 i
 410 201 i
 411 201 i
 412 200 i
 413 199 i
 414 199 i
 415 198 i
 416 198 i
 417 197 i
 418 196 i
 419 196 i
 420 195 i
 421 194 i
 422 194 i
 423 193 i
 424 192 i
 425 192 i
 426 191 i
 427 190 i
 428 190 i
 429 189 i
 430 188 i
 431 188 i
 432 187 i
 433 186 i
 434 185 i
 435 185 i
 436 184 i
 437 183 i
 438 183 i
 439 182 i
 440 181 i
 441 181 i
 442 180 i
 443 179 i
 444 178 i
 445 178 i
 446 177 i
 447 176 i
 448 176 i
 449 175 i
 450 174 i
 451 173 i
 452 173 i
 453 172 i
 454 171 i
 455 171 i
 456 170 i
 457 169 i
 458 168 i
 459 168 i
 460 167 i
 461 166 i
 462 165 i
 463 165 i
 464 164 i
 465 163 i
 466 162 i
 467 162 i
 468 161 i
 469 160 i
 470 159 i
 471 159 i
 472 158 i
 473 157 i
 474 156 i
 475 156 i
 476 155 i
 477 154 i
 478 153 i
 479 153 i
 480 152 i
 481 151 i
 482 150 i
 483 149 i
 484 149 i
 485 148 i
 486 147 i
 487 146 i
 488 146 i
 489 145 i
 490 144 i
 491 143 i
 492 143 i
 493 142 i
 494 141 i
 495 140 i
 496 139 i
 497 139 i
 498 138 i
 499 137 i
 500 136 i
 501 136 i
 502 135 i
 503 134 i
 504 133 i
 505 132 i
 506 132 i
 507 131 i
 508 130 i
 509 129 i
 510 129 i
 511 128 i
 512 127 i
 513 126 i
 514 125 i
 515 125 i
 516 124 i
 517 123 i
 518 122 i
 519 122 i
 520 121 i
 521 120 i
 522 119 i
 523 118 i
 524 118 i
 525 117 i
 526 116 i
 527 115 i
 528 115 i
 529 114 i
 530 113 i
 531 112 i
 532 111 i
 533 111 i
 534 110 i
 535 109 i
 536 108 i
 537 108 i
 538 107 i
 539 106 i
 540 105 i
 541 105 i
 542 104 i
 543 103 i
 544 102 i
 545 101 i
 546 101 i
 547 100 i
 548 99 i
 549 98 i
 550 98 i
 551 97 i
 552 96 i
 553 95 i
 554 95 i
 555 94 i
 556 93 i
 557 92 i
 558 92 i
 559 91 i
 560 90 i
 561 89 i
 562 89 i
 563 88 i
 564 87 i
 565 86 i
 566 86 i
 567 85 i
 568 84 i
 569 83 i
 570 83 i
 571 82 i
 572 81 i
 573 81 i
 574 80 i
 575 79 i
 576 78 i
 577 78 i
 578 77 i
 579 76 i
 580 76 i
 581 75 i
 582 74 i
 583 73 i
 584 73 i
 585 72 i
 586 71 i
 587 71 i
 588 70 i
 589 69 i
 590 69 i
 591 68 i
 592 67 i
 593 66 i
 594 66 i
 595 65 i
 596 64 i
 597 64 i
 598 63 i
 599 62 i
 600 62 i
 601 61 i
 602 60 i
 603 60 i
 604 59 i
 605 58 i
 606 58 i
 607 57 i
 608 56 i
 609 56 i
 610 55 i
 611 55 i
 612 54 i
 613 53 i
 614 53 i
 615 52 i
 616 51 i
 617 51 i
 618 50 i
 619 49 i
 620 49 i
 621 48 i
 622 48 i
 623 47 i
 624 46 i
 625 46 i
 626 45 i
 627 45 i
 628 44 i
 629 43 i
 630 43 i
 631 42 i
 632 42 i
 633 41 i
 634 41 i
 635 40 i
 636 39 i
 637 39 i
 638 38 i
 639 38 i
 640 37 i
 641 37 i
 642 36 i
 643 36 i
 644 35 i
 645 34 i
 646 34 i
 647 33 i
 648 33 i
 649 32 i
 650 32 i
 651 31 i
 652 31 i
 653 30 i
 654 30 i
 655 29 i
 656 29 i
 657 28 i
 658 28 i
 659 27 i
 660 27 i
 661 26 i
 662 26 i
 663 25 i
 664 25 i
 665 25 i
 666 24 i
 667 24 i
 668 23 i
 669 23 i
 670 22 i
 671 22 i
 672 21 i
 673 21 i
 674 21 i
 675 20 i
 676 20 i
 677 19 i
 678 19 i
 679 18 i
 680 18 i
 681 18 i
 682 17 i
 683 17 i
 684 16 i
 685 16 i
 686 16 i
 687 15 i
 688 15 i
 689 15 i
 690 14 i
 691 14 i
 692 14 i
 693 13 i
 694 13 i
 695 13 i
 696 12 i
 697 12 i
 698 12 i
 699 11 i
 700 11 i
 701 11 i
 702 10 i
 703 10 i
 704 10 i
 705 9 i
 706 9 i
 707 9 i
 708 9 i
 709 8 i
 710 8 i
 711 8 i
 712 7 i
 713 7 i
 714 7 i
 715 7 i
 716 6 i
 717 6 i
 718 6 i
 719 6 i
 720 5 i
 721 5 i
 722 5 i
 723 5 i
 724 5 i
 725 4 i
 726 4 i
 727 4 i
 728 4 i
 729 4 i
 730 3 i
 731 3 i
 732 3 i
 733 3 i
 734 3 i
 735 3 i
 736 2 i
 737 2 i
 738 2 i
 739 2 i
 740 2 i
 741 2 i
 742 2 i
 743 1 i
 744 1 i
 745 1 i
 746 1 i
 747 1 i
 748 1 i
 749 1 i
 750 1 i
 751 1 i
 752 1 i
 753 1 i
 754 0 i
 755 0 i
 756 0 i
 757 0 i
 758 0 i
 759 0 i
 760 0 i
 761 0 i
 762 0 i
 763 0 i
 764 0 i
 765 0 i
 766 0 i
 767 0 i
 768 0 i
 769 0 i
 770 0 i
 771 0 i
 772 0 i
 773 0 i
 774 0 i
 775 0 i
 776 0 i
 777 0 i
 778 0 i
 779 0 i
 780 0 i
 781 0 i
 782 0 i
 783 1 i
 784 1 i
 785 1 i
 786 1 i
 787 1 i
 788 1 i
 789 1 i
 790 1 i
 791 1 i
 792 1 i
 793 1 i
 794 2 i
 795 2 i
 796 2 i
 797 2 i
 798 2 i
 799 2 i
 800 2 i
 801 3 i
 802 3 i
 803 3 i
 804 3 i
 805 3 i
 806 3 i
 807 4 i
 808 4 i
 809 4 i
 810 4 i
 811 4 i
 812 5 i
 813 5 i
 814 5 i
 815 5 i
 816 5 i
 817 6 i
 818 6 i
 819 6 i
 820 6 i
 821 7 i
 822 7 i
 823 7 i
 824 7 i
 825 8 i
 826 8 i
 827 8 i
 828 9 i
 829 9 i
 830 9 i
 831 9 i
 832 10 i
 833 10 i
 834 10 i
 835 11 i
 836 11 i
 837 11 i
 838 12 i
 839 12 i
 840 12 i
 841 13 i
 842 13 i
 843 13 i
 844 14 i
 845 14 i
 846 14 i
 847 15 i
 848 15 i
 849 15 i
 850 16 i
 851 16 i
 852 16 i
 853 17 i
 854 17 i
 855 18 i
 856 18 i
 857 18 i
 858 19 i
 859 19 i
 860 20 i
 861 20 i
 862 21 i
 863 21 i
 864 21 i
 865 22 i
 866 22 i
 867 23 i
 868 23 i
 869 24 i
 870 24 i
 871 25 i
 872 25 i
 873 25 i
 874 26 i
 875 26 i
 876 27 i
 877 27 i
 878 28 i
 879 28 i
 880 29 i
 881 29 i
 882 30 i
 883 30 i
 884 31 i
 885 31 i
 886 32 i
 887 32 i
 888 33 i
 889 33 i
 890 34 i
 891 34 i
 892 35 i
 893 36 i
 894 36 i
 895 37 i
 896 37 i
 897 38 i
 898 38 i
 899 39 i
 900 39 i
 901 40 i
 902 41 i
 903 41 i
 904 42 i
 905 42 i
 906 43 i
 907 43 i
 908 44 i
 909 45 i
 910 45 i
 911 46 i
 912 46 i
 913 47 i
 914 48 i
 915 48 i
 916 49 i
 917 49 i
 918 50 i
 919 51 i
 920 51 i
 921 52 i
 922 53 i
 923 53 i
 924 54 i
 925 55 i
 926 55 i
 927 56 i
 928 56 i
 929 57 i
 930 58 i
 931 58 i
 932 59 i
 933 60 i
 934 60 i
 935 61 i
 936 62 i
 937 62 i
 938 63 i
 939 64 i
 940 64 i
 941 65 i
 942 66 i
 943 66 i
 944 67 i
 945 68 i
 946 69 i
 947 69 i
 948 70 i
 949 71 i
 950 71 i
 951 72 i
 952 73 i
 953 73 i
 954 74 i
 955 75 i
 956 76 i
 957 76 i
 958 77 i
 959 78 i
 960 78 i
 961 79 i
 962 80 i
 963 81 i
 964 81 i
 965 82 i
 966 83 i
 967 83 i
 968 84 i
 969 85 i
 970 86 i
 971 86 i
 972 87 i
 973 88 i
 974 89 i
 975 89 i
 976 90 i
 977 91 i
 978 92 i
 979 92 i
 980 93 i
 981 94 i
 982 95 i
 983 95 i
 984 96 i
 985 97 i
 986 98 i
 987 98 i
 988 99 i
 989 100 i
 990 101 i
 991 101 i
 992 102 i
 993 103 i
 994 104 i
 995 105 i
 996 105 i
 997 106 i
 998 107 i
 999 108 i
 1000 108 i
 1001 109 i
 1002 110 i
 1003 111 i
 1004 111 i
 1005 112 i
 1006 113 i
 1007 114 i
 1008 115 i
 1009 115 i
 1010 116 i
 1011 117 i
 1012 118 i
 1013 118 i
 1014 119 i
 1015 120 i
 1016 121 i
 1017 122 i
 1018 122 i
 1019 123 i
 1020 124 i
 1021 125 i
 1022 125 i
 1023 126 i
