 0 0 i
 1 0 i
 2 0 i
 3 1 i
 4 1 i
 5 2 i
 6 2 i
 7 3 i
 8 3 i
 9 4 i
 10 4 i
 11 5 i
 12 5 i
 13 6 i
 14 6 i
 15 7 i
 16 7 i
 17 8 i
 18 8 i
 19 9 i
 20 9 i
 21 10 i
 22 10 i
 23 11 i
 24 11 i
 25 12 i
 26 12 i
 27 13 i
 28 13 i
 29 14 i
 30 14 i
 31 15 i
 32 15 i
 33 16 i
 34 16 i
 35 17 i
 36 17 i
 37 18 i
 38 18 i
 39 19 i
 40 19 i
 41 20 i
 42 20 i
 43 21 i
 44 21 i
 45 22 i
 46 22 i
 47 23 i
 48 23 i
 49 24 i
 50 24 i
 51 25 i
 52 25 i
 53 26 i
 54 26 i
 55 27 i
 56 27 i
 57 28 i
 58 28 i
 59 29 i
 60 29 i
 61 30 i
 62 30 i
 63 31 i
 64 31 i
 65 32 i
 66 32 i
 67 33 i
 68 33 i
 69 34 i
 70 34 i
 71 35 i
 72 35 i
 73 36 i
 74 36 i
 75 37 i
 76 37 i
 77 38 i
 78 38 i
 79 39 i
 80 39 i
 81 40 i
 82 40 i
 83 41 i
 84 41 i
 85 42 i
 86 42 i
 87 43 i
 88 43 i
 89 44 i
 90 44 i
 91 45 i
 92 45 i
 93 46 i
 94 46 i
 95 47 i
 96 47 i
 97 48 i
 98 48 i
 99 49 i
 100 49 i
 101 50 i
 102 50 i
 103 51 i
 104 51 i
 105 52 i
 106 52 i
 107 53 i
 108 53 i
 109 54 i
 110 54 i
 111 55 i
 112 55 i
 113 56 i
 114 56 i
 115 57 i
 116 57 i
 117 58 i
 118 58 i
 119 59 i
 120 59 i
 121 60 i
 122 60 i
 123 61 i
 124 61 i
 125 62 i
 126 62 i
 127 63 i
 128 63 i
 129 64 i
 130 64 i
 131 65 i
 132 65 i
 133 66 i
 134 66 i
 135 67 i
 136 67 i
 137 68 i
 138 68 i
 139 69 i
 140 69 i
 141 70 i
 142 70 i
 143 71 i
 144 71 i
 145 72 i
 146 72 i
 147 73 i
 148 73 i
 149 74 i
 150 74 i
 151 75 i
 152 75 i
 153 76 i
 154 76 i
 155 77 i
 156 77 i
 157 78 i
 158 78 i
 159 79 i
 160 79 i
 161 80 i
 162 80 i
 163 81 i
 164 81 i
 165 82 i
 166 82 i
 167 83 i
 168 83 i
 169 84 i
 170 84 i
 171 85 i
 172 85 i
 173 86 i
 174 86 i
 175 87 i
 176 87 i
 177 88 i
 178 88 i
 179 89 i
 180 89 i
 181 90 i
 182 90 i
 183 91 i
 184 91 i
 185 92 i
 186 92 i
 187 93 i
 188 93 i
 189 94 i
 190 94 i
 191 95 i
 192 95 i
 193 96 i
 194 96 i
 195 97 i
 196 97 i
 197 98 i
 198 98 i
 199 99 i
 200 99 i
 201 100 i
 202 100 i
 203 101 i
 204 101 i
 205 102 i
 206 102 i
 207 103 i
 208 103 i
 209 104 i
 210 104 i
 211 105 i
 212 105 i
 213 106 i
 214 106 i
 215 107 i
 216 107 i
 217 108 i
 218 108 i
 219 109 i
 220 109 i
 221 110 i
 222 110 i
 223 111 i
 224 111 i
 225 112 i
 226 112 i
 227 113 i
 228 113 i
 229 114 i
 230 114 i
 231 115 i
 232 115 i
 233 116 i
 234 116 i
 235 117 i
 236 117 i
 237 118 i
 238 118 i
 239 119 i
 240 119 i
 241 120 i
 242 120 i
 243 121 i
 244 121 i
 245 122 i
 246 122 i
 247 123 i
 248 123 i
 249 124 i
 250 124 i
 251 125 i
 252 125 i
 253 126 i
 254 126 i
 255 127 i
 256 127 i
 257 127 i
 258 128 i
 259 128 i
 260 129 i
 261 129 i
 262 130 i
 263 130 i
 264 131 i
 265 131 i
 266 132 i
 267 132 i
 268 133 i
 269 133 i
 270 134 i
 271 134 i
 272 135 i
 273 135 i
 274 136 i
 275 136 i
 276 137 i
 277 137 i
 278 138 i
 279 138 i
 280 139 i
 281 139 i
 282 140 i
 283 140 i
 284 141 i
 285 141 i
 286 142 i
 287 142 i
 288 143 i
 289 143 i
 290 144 i
 291 144 i
 292 145 i
 293 145 i
 294 146 i
 295 146 i
 296 147 i
 297 147 i
 298 148 i
 299 148 i
 300 149 i
 301 149 i
 302 150 i
 303 150 i
 304 151 i
 305 151 i
 306 152 i
 307 152 i
 308 153 i
 309 153 i
 310 154 i
 311 154 i
 312 155 i
 313 155 i
 314 156 i
 315 156 i
 316 157 i
 317 157 i
 318 158 i
 319 158 i
 320 159 i
 321 159 i
 322 160 i
 323 160 i
 324 161 i
 325 161 i
 326 162 i
 327 162 i
 328 163 i
 329 163 i
 330 164 i
 331 164 i
 332 165 i
 333 165 i
 334 166 i
 335 166 i
 336 167 i
 337 167 i
 338 168 i
 339 168 i
 340 169 i
 341 169 i
 342 170 i
 343 170 i
 344 171 i
 345 171 i
 346 172 i
 347 172 i
 348 173 i
 349 173 i
 350 174 i
 351 174 i
 352 175 i
 353 175 i
 354 176 i
 355 176 i
 356 177 i
 357 177 i
 358 178 i
 359 178 i
 360 179 i
 361 179 i
 362 180 i
 363 180 i
 364 181 i
 365 181 i
 366 182 i
 367 182 i
 368 183 i
 369 183 i
 370 184 i
 371 184 i
 372 185 i
 373 185 i
 374 186 i
 375 186 i
 376 187 i
 377 187 i
 378 188 i
 379 188 i
 380 189 i
 381 189 i
 382 190 i
 383 190 i
 384 191 i
 385 191 i
 386 192 i
 387 192 i
 388 193 i
 389 193 i
 390 194 i
 391 194 i
 392 195 i
 393 195 i
 394 196 i
 395 196 i
 396 197 i
 397 197 i
 398 198 i
 399 198 i
 400 199 i
 401 199 i
 402 200 i
 403 200 i
 404 201 i
 405 201 i
 406 202 i
 407 202 i
 408 203 i
 409 203 i
 410 204 i
 411 204 i
 412 205 i
 413 205 i
 414 206 i
 415 206 i
 416 207 i
 417 207 i
 418 208 i
 419 208 i
 420 209 i
 421 209 i
 422 210 i
 423 210 i
 424 211 i
 425 211 i
 426 212 i
 427 212 i
 428 213 i
 429 213 i
 430 214 i
 431 214 i
 432 215 i
 433 215 i
 434 216 i
 435 216 i
 436 217 i
 437 217 i
 438 218 i
 439 218 i
 440 219 i
 441 219 i
 442 220 i
 443 220 i
 444 221 i
 445 221 i
 446 222 i
 447 222 i
 448 223 i
 449 223 i
 450 224 i
 451 224 i
 452 225 i
 453 225 i
 454 226 i
 455 226 i
 456 227 i
 457 227 i
 458 228 i
 459 228 i
 460 229 i
 461 229 i
 462 230 i
 463 230 i
 464 231 i
 465 231 i
 466 232 i
 467 232 i
 468 233 i
 469 233 i
 470 234 i
 471 234 i
 472 235 i
 473 235 i
 474 236 i
 475 236 i
 476 237 i
 477 237 i
 478 238 i
 479 238 i
 480 239 i
 481 239 i
 482 240 i
 483 240 i
 484 241 i
 485 241 i
 486 242 i
 487 242 i
 488 243 i
 489 243 i
 490 244 i
 491 244 i
 492 245 i
 493 245 i
 494 246 i
 495 246 i
 496 247 i
 497 247 i
 498 248 i
 499 248 i
 500 249 i
 501 249 i
 502 250 i
 503 250 i
 504 251 i
 505 251 i
 506 252 i
 507 252 i
 508 253 i
 509 253 i
 510 254 i
 511 254 i
 512 255 i
 513 254 i
 514 254 i
 515 253 i
 516 253 i
 517 252 i
 518 252 i
 519 251 i
 520 251 i
 521 250 i
 522 250 i
 523 249 i
 524 249 i
 525 248 i
 526 248 i
 527 247 i
 528 247 i
 529 246 i
 530 246 i
 531 245 i
 532 245 i
 533 244 i
 534 244 i
 535 243 i
 536 243 i
 537 242 i
 538 242 i
 539 241 i
 540 241 i
 541 240 i
 542 240 i
 543 239 i
 544 239 i
 545 238 i
 546 238 i
 547 237 i
 548 237 i
 549 236 i
 550 236 i
 551 235 i
 552 235 i
 553 234 i
 554 234 i
 555 233 i
 556 233 i
 557 232 i
 558 232 i
 559 231 i
 560 231 i
 561 230 i
 562 230 i
 563 229 i
 564 229 i
 565 228 i
 566 228 i
 567 227 i
 568 227 i
 569 226 i
 570 226 i
 571 225 i
 572 225 i
 573 224 i
 574 224 i
 575 223 i
 576 223 i
 577 222 i
 578 222 i
 579 221 i
 580 221 i
 581 220 i
 582 220 i
 583 219 i
 584 219 i
 585 218 i
 586 218 i
 587 217 i
 588 217 i
 589 216 i
 590 216 i
 591 215 i
 592 215 i
 593 214 i
 594 214 i
 595 213 i
 596 213 i
 597 212 i
 598 212 i
 599 211 i
 600 211 i
 601 210 i
 602 210 i
 603 209 i
 604 209 i
 605 208 i
 606 208 i
 607 207 i
 608 207 i
 609 206 i
 610 206 i
 611 205 i
 612 205 i
 613 204 i
 614 204 i
 615 203 i
 616 203 i
 617 202 i
 618 202 i
 619 201 i
 620 201 i
 621 200 i
 622 200 i
 623 199 i
 624 199 i
 625 198 i
 626 198 i
 627 197 i
 628 197 i
 629 196 i
 630 196 i
 631 195 i
 632 195 i
 633 194 i
 634 194 i
 635 193 i
 636 193 i
 637 192 i
 638 192 i
 639 191 i
 640 191 i
 641 190 i
 642 190 i
 643 189 i
 644 189 i
 645 188 i
 646 188 i
 647 187 i
 648 187 i
 649 186 i
 650 186 i
 651 185 i
 652 185 i
 653 184 i
 654 184 i
 655 183 i
 656 183 i
 657 182 i
 658 182 i
 659 181 i
 660 181 i
 661 180 i
 662 180 i
 663 179 i
 664 179 i
 665 178 i
 666 178 i
 667 177 i
 668 177 i
 669 176 i
 670 176 i
 671 175 i
 672 175 i
 673 174 i
 674 174 i
 675 173 i
 676 173 i
 677 172 i
 678 172 i
 679 171 i
 680 171 i
 681 170 i
 682 170 i
 683 169 i
 684 169 i
 685 168 i
 686 168 i
 687 167 i
 688 167 i
 689 166 i
 690 166 i
 691 165 i
 692 165 i
 693 164 i
 694 164 i
 695 163 i
 696 163 i
 697 162 i
 698 162 i
 699 161 i
 700 161 i
 701 160 i
 702 160 i
 703 159 i
 704 159 i
 705 158 i
 706 158 i
 707 157 i
 708 157 i
 709 156 i
 710 156 i
 711 155 i
 712 155 i
 713 154 i
 714 154 i
 715 153 i
 716 153 i
 717 152 i
 718 152 i
 719 151 i
 720 151 i
 721 150 i
 722 150 i
 723 149 i
 724 149 i
 725 148 i
 726 148 i
 727 147 i
 728 147 i
 729 146 i
 730 146 i
 731 145 i
 732 145 i
 733 144 i
 734 144 i
 735 143 i
 736 143 i
 737 142 i
 738 142 i
 739 141 i
 740 141 i
 741 140 i
 742 140 i
 743 139 i
 744 139 i
 745 138 i
 746 138 i
 747 137 i
 748 137 i
 749 136 i
 750 136 i
 751 135 i
 752 135 i
 753 134 i
 754 134 i
 755 133 i
 756 133 i
 757 132 i
 758 132 i
 759 131 i
 760 131 i
 761 130 i
 762 130 i
 763 129 i
 764 129 i
 765 128 i
 766 128 i
 767 127 i
 768 127 i
 769 127 i
 770 126 i
 771 126 i
 772 125 i
 773 125 i
 774 124 i
 775 124 i
 776 123 i
 777 123 i
 778 122 i
 779 122 i
 780 121 i
 781 121 i
 782 120 i
 783 120 i
 784 119 i
 785 119 i
 786 118 i
 787 118 i
 788 117 i
 789 117 i
 790 116 i
 791 116 i
 792 115 i
 793 115 i
 794 114 i
 795 114 i
 796 113 i
 797 113 i
 798 112 i
 799 112 i
 800 111 i
 801 111 i
 802 110 i
 803 110 i
 804 109 i
 805 109 i
 806 108 i
 807 108 i
 808 107 i
 809 107 i
 810 106 i
 811 106 i
 812 105 i
 813 105 i
 814 104 i
 815 104 i
 816 103 i
 817 103 i
 818 102 i
 819 102 i
 820 101 i
 821 101 i
 822 100 i
 823 100 i
 824 99 i
 825 99 i
 826 98 i
 827 98 i
 828 97 i
 829 97 i
 830 96 i
 831 96 i
 832 95 i
 833 95 i
 834 94 i
 835 94 i
 836 93 i
 837 93 i
 838 92 i
 839 92 i
 840 91 i
 841 91 i
 842 90 i
 843 90 i
 844 89 i
 845 89 i
 846 88 i
 847 88 i
 848 87 i
 849 87 i
 850 86 i
 851 86 i
 852 85 i
 853 85 i
 854 84 i
 855 84 i
 856 83 i
 857 83 i
 858 82 i
 859 82 i
 860 81 i
 861 81 i
 862 80 i
 863 80 i
 864 79 i
 865 79 i
 866 78 i
 867 78 i
 868 77 i
 869 77 i
 870 76 i
 871 76 i
 872 75 i
 873 75 i
 874 74 i
 875 74 i
 876 73 i
 877 73 i
 878 72 i
 879 72 i
 880 71 i
 881 71 i
 882 70 i
 883 70 i
 884 69 i
 885 69 i
 886 68 i
 887 68 i
 888 67 i
 889 67 i
 890 66 i
 891 66 i
 892 65 i
 893 65 i
 894 64 i
 895 64 i
 896 63 i
 897 63 i
 898 62 i
 899 62 i
 900 61 i
 901 61 i
 902 60 i
 903 60 i
 904 59 i
 905 59 i
 906 58 i
 907 58 i
 908 57 i
 909 57 i
 910 56 i
 911 56 i
 912 55 i
 913 55 i
 914 54 i
 915 54 i
 916 53 i
 917 53 i
 918 52 i
 919 52 i
 920 51 i
 921 51 i
 922 50 i
 923 50 i
 924 49 i
 925 49 i
 926 48 i
 927 48 i
 928 47 i
 929 47 i
 930 46 i
 931 46 i
 932 45 i
 933 45 i
 934 44 i
 935 44 i
 936 43 i
 937 43 i
 938 42 i
 939 42 i
 940 41 i
 941 41 i
 942 40 i
 943 40 i
 944 39 i
 945 39 i
 946 38 i
 947 38 i
 948 37 i
 949 37 i
 950 36 i
 951 36 i
 952 35 i
 953 35 i
 954 34 i
 955 34 i
 956 33 i
 957 33 i
 958 32 i
 959 32 i
 960 31 i
 961 31 i
 962 30 i
 963 30 i
 964 29 i
 965 29 i
 966 28 i
 967 28 i
 968 27 i
 969 27 i
 970 26 i
 971 26 i
 972 25 i
 973 25 i
 974 24 i
 975 24 i
 976 23 i
 977 23 i
 978 22 i
 979 22 i
 980 21 i
 981 21 i
 982 20 i
 983 20 i
 984 19 i
 985 19 i
 986 18 i
 987 18 i
 988 17 i
 989 17 i
 990 16 i
 991 16 i
 992 15 i
 993 15 i
 994 14 i
 995 14 i
 996 13 i
 997 13 i
 998 12 i
 999 12 i
 1000 11 i
 1001 11 i
 1002 10 i
 1003 10 i
 1004 9 i
 1005 9 i
 1006 8 i
 1007 8 i
 1008 7 i
 1009 7 i
 1010 6 i
 1011 6 i
 1012 5 i
 1013 5 i
 1014 4 i
 1015 4 i
 1016 3 i
 1017 3 i
 1018 2 i
 1019 2 i
 1020 1 i
 1021 1 i
 1022 0 i
 1023 0 i
